Using pre-set license
Built from '2020.3/release' branch; Version is '2020.3.12f1 (b3b2c6512326) revision 11776710'; Using compiler version '192528614'; Build Type 'Release'
OS: 'Windows 10 Home Single Language; OS build 22621.963; Version 2009; 64bit' Language: 'en' Physical Memory: 16235 MB
BatchMode: 1, IsHumanControllingUs: 0, StartBugReporterOnCrash: 0, Is64bit: 1, IsPro: 0

 COMMAND LINE ARGUMENTS:
D:\UNITY\2020.3.12f1\Editor\Unity.exe
-adb2
-batchMode
-noUpm
-name
AssetImportWorker5
-projectPath
D:/NDF/ICEL-AR_FINISH
-logFile
Logs/AssetImportWorker5.log
-srvPort
64108
Successfully changed project path to: D:/NDF/ICEL-AR_FINISH
D:/NDF/ICEL-AR_FINISH
Using Asset Import Pipeline V2.
Refreshing native plugins compatible for Editor in 34.57 ms, found 3 plugins.
Preloading 0 native plugins for Editor in 0.00 ms.
Initialize engine version: 2020.3.12f1 (b3b2c6512326)
[Subsystems] Discovering subsystems at path D:/UNITY/2020.3.12f1/Editor/Data/Resources/UnitySubsystems
[Subsystems] Discovering subsystems at path D:/NDF/ICEL-AR_FINISH/Assets
GfxDevice: creating device client; threaded=0
Direct3D:
    Version:  Direct3D 11.0 [level 11.1]
    Renderer: NVIDIA GeForce GTX 1650 (ID=0x1f91)
    Vendor:   
    VRAM:     3962 MB
    Driver:   30.0.15.1278
Initialize mono
Mono path[0] = 'D:/UNITY/2020.3.12f1/Editor/Data/Managed'
Mono path[1] = 'D:/UNITY/2020.3.12f1/Editor/Data/MonoBleedingEdge/lib/mono/unityjit'
Mono config path = 'D:/UNITY/2020.3.12f1/Editor/Data/MonoBleedingEdge/etc'
Using monoOptions --debugger-agent=transport=dt_socket,embedding=1,server=y,suspend=n,address=127.0.0.1:56896
Begin MonoManager ReloadAssembly
Registering precompiled unity dll's ...
Register platform support module: D:/UNITY/2020.3.12f1/Editor/Data/PlaybackEngines/WebGLSupport/UnityEditor.WebGL.Extensions.dll
Register platform support module: D:/UNITY/2020.3.12f1/Editor/Data/PlaybackEngines/WindowsStandaloneSupport/UnityEditor.WindowsStandalone.Extensions.dll
Registered in 0.001107 seconds.
Native extension for WindowsStandalone target not found
Native extension for WebGL target not found
Refreshing native plugins compatible for Editor in 30.69 ms, found 3 plugins.
Preloading 0 native plugins for Editor in 0.00 ms.
Mono: successfully reloaded assembly
- Completed reload, in  1.565 seconds
Platform modules already initialized, skipping
Registering precompiled user dll's ...
Registered in 0.003352 seconds.
Begin MonoManager ReloadAssembly
Native extension for WindowsStandalone target not found
Native extension for WebGL target not found
Refreshing native plugins compatible for Editor in 0.39 ms, found 3 plugins.
Preloading 0 native plugins for Editor in 0.00 ms.
Mono: successfully reloaded assembly
- Completed reload, in  5.281 seconds
Platform modules already initialized, skipping
========================================================================
Worker process is ready to serve import requests
Launched and connected shader compiler UnityShaderCompiler.exe after 0.43 seconds
Refreshing native plugins compatible for Editor in 0.50 ms, found 3 plugins.
Preloading 0 native plugins for Editor in 0.00 ms.
Unloading 1554 Unused Serialized files (Serialized files now loaded: 0)
System memory in use before: 72.3 MB.
System memory in use after: 72.3 MB.

Unloading 22 unused Assets to reduce memory usage. Loaded Objects now: 1987.
Total: 2.972600 ms (FindLiveObjects: 0.253300 ms CreateObjectMapping: 0.062600 ms MarkObjects: 2.568400 ms  DeleteObjects: 0.087300 ms)

AssetImportParameters requested are different than current active one (requested -> active):
  custom:framework-win-MediaFoundation: 216162199b28c13a410421893ffa2e32 -> 
  custom:video-decoder-ogg-theora: a1e56fd34408186e4bbccfd4996cb3dc -> 
  custom:container-muxer-webm: aa71ff27fc2769a1b78a27578f13a17b -> 
  custom:container-demuxer-webm: 4f35f7cbe854078d1ac9338744f61a02 -> 
  custom:container-demuxer-ogg: 62fdf1f143b41e24485cea50d1cbac27 -> 
  custom:video-encoder-webm-vp8: eb34c28f22e8b96e1ab97ce403110664 -> 
  custom:video-decoder-webm-vp8: 9c59270c3fd7afecdb556c50c9e8de78 -> 
  custom:audio-decoder-ogg-vorbis: bf7c407c2cedff20999df2af8eb42d56 -> 
  custom:audio-encoder-webm-vorbis: bf7c407c2cedff20999df2af8eb42d56 -> 
========================================================================
Received Import Request.
  path: Assets/Scene/SceneLV1.unity
  artifactKey: Guid(3a879af065170634eb77bc8853304021) Importer(815301076,1909f56bfc062723c751e8b465ee728b)
Start importing Assets/Scene/SceneLV1.unity using Guid(3a879af065170634eb77bc8853304021) Importer(815301076,1909f56bfc062723c751e8b465ee728b)  -> (artifact id: 'cb9d64ffd107db4c09ace3b194fbd420') in 0.031528 seconds 
  Import took 0.035279 seconds .

========================================================================
Received Import Request.
  Time since last request: 8.431538 seconds.
  path: Assets/Scene/SceneLV2.unity
  artifactKey: Guid(4eaa54b9d15bc2b41bd09629978f2f40) Importer(815301076,1909f56bfc062723c751e8b465ee728b)
Start importing Assets/Scene/SceneLV2.unity using Guid(4eaa54b9d15bc2b41bd09629978f2f40) Importer(815301076,1909f56bfc062723c751e8b465ee728b)  -> (artifact id: '109044a3e214616664aa57dbbdf74207') in 0.007815 seconds 
  Import took 0.011698 seconds .

========================================================================
Received Import Request.
  Time since last request: 10.448536 seconds.
  path: Packages/com.unity.collab-proxy/Editor/Collaborate/Assets/Icons/added-file-dark.png
  artifactKey: Guid(1a4f52b613391cd449af3ad2e44affeb) Importer(815301076,1909f56bfc062723c751e8b465ee728b)
Start importing Packages/com.unity.collab-proxy/Editor/Collaborate/Assets/Icons/added-file-dark.png using Guid(1a4f52b613391cd449af3ad2e44affeb) Importer(815301076,1909f56bfc062723c751e8b465ee728b)  -> (artifact id: 'b6c50c6b02d9b73c5e2e4a85549794a4') in 0.471611 seconds 
  Import took 0.475487 seconds .

========================================================================
Received Import Request.
  Time since last request: 0.000227 seconds.
  path: Assets/TextMesh Pro/Examples & Extras/Resources/Fonts & Materials/Anton SDF.asset
  artifactKey: Guid(8a89fa14b10d46a99122fd4f73fca9a2) Importer(815301076,1909f56bfc062723c751e8b465ee728b)
Start importing Assets/TextMesh Pro/Examples & Extras/Resources/Fonts & Materials/Anton SDF.asset using Guid(8a89fa14b10d46a99122fd4f73fca9a2) Importer(815301076,1909f56bfc062723c751e8b465ee728b)  -> (artifact id: '9df7e24cfbf101ee8e80c1a96a9617d8') in 0.350316 seconds 
  Import took 0.354592 seconds .

========================================================================
Received Import Request.
  Time since last request: 0.000423 seconds.
  path: Packages/com.unity.collab-proxy/Editor/Collaborate/Assets/Icons/back-light@2x.png
  artifactKey: Guid(f5c57327df0fa294c8209aa216435167) Importer(815301076,1909f56bfc062723c751e8b465ee728b)
Start importing Packages/com.unity.collab-proxy/Editor/Collaborate/Assets/Icons/back-light@2x.png using Guid(f5c57327df0fa294c8209aa216435167) Importer(815301076,1909f56bfc062723c751e8b465ee728b)  -> (artifact id: '9126f2c6a09177ddfe777bcef538ff86') in 0.040991 seconds 
  Import took 0.046162 seconds .

========================================================================
Received Import Request.
  Time since last request: 0.000373 seconds.
  path: Packages/com.unity.collab-proxy/Editor/Collaborate/Assets/Icons/back-dark.png
  artifactKey: Guid(8e3ec2dfd58b79842aa78376678a9a05) Importer(815301076,1909f56bfc062723c751e8b465ee728b)
Start importing Packages/com.unity.collab-proxy/Editor/Collaborate/Assets/Icons/back-dark.png using Guid(8e3ec2dfd58b79842aa78376678a9a05) Importer(815301076,1909f56bfc062723c751e8b465ee728b)  -> (artifact id: '6418a2c11981f0acf802666f81ff2714') in 0.045746 seconds 
  Import took 0.048844 seconds .

========================================================================
Received Import Request.
  Time since last request: 0.000197 seconds.
  path: Assets/Export UI for DEV/Export UI for DEV/Select Scene/BackButton.png
  artifactKey: Guid(1971a5723d98a60418ba2b71982d83a8) Importer(815301076,1909f56bfc062723c751e8b465ee728b)
Start importing Assets/Export UI for DEV/Export UI for DEV/Select Scene/BackButton.png using Guid(1971a5723d98a60418ba2b71982d83a8) Importer(815301076,1909f56bfc062723c751e8b465ee728b)  -> (artifact id: '75d7e897b521110a907cb041bcf3bd83') in 0.153602 seconds 
  Import took 0.157675 seconds .

========================================================================
Received Import Request.
  Time since last request: 0.000288 seconds.
  path: Packages/com.unity.collab-proxy/Editor/Collaborate/Assets/Icons/back-dark@2x.png
  artifactKey: Guid(9c6313a5316f8a34b852bf94ff96e3ab) Importer(815301076,1909f56bfc062723c751e8b465ee728b)
Start importing Packages/com.unity.collab-proxy/Editor/Collaborate/Assets/Icons/back-dark@2x.png using Guid(9c6313a5316f8a34b852bf94ff96e3ab) Importer(815301076,1909f56bfc062723c751e8b465ee728b)  -> (artifact id: '626b8d703df2186d7c867ee863820d3e') in 0.025030 seconds 
  Import took 0.028579 seconds .

========================================================================
Received Import Request.
  Time since last request: 0.000340 seconds.
  path: Packages/com.unity.collab-proxy/Editor/Collaborate/Assets/Icons/added-file-dark.png
  artifactKey: Guid(1a4f52b613391cd449af3ad2e44affeb) Importer(815301076,1909f56bfc062723c751e8b465ee728b)
Start importing Packages/com.unity.collab-proxy/Editor/Collaborate/Assets/Icons/added-file-dark.png using Guid(1a4f52b613391cd449af3ad2e44affeb) Importer(815301076,1909f56bfc062723c751e8b465ee728b)  -> (artifact id: 'b6c50c6b02d9b73c5e2e4a85549794a4') in 0.021371 seconds 
  Import took 0.025540 seconds .

========================================================================
Received Import Request.
  Time since last request: 0.000432 seconds.
  path: Packages/com.unity.collab-proxy/Editor/Collaborate/Assets/Icons/added-file-dark@2x.png
  artifactKey: Guid(c223e0c507e2c6549a2cb97441b62cbe) Importer(815301076,1909f56bfc062723c751e8b465ee728b)
Start importing Packages/com.unity.collab-proxy/Editor/Collaborate/Assets/Icons/added-file-dark@2x.png using Guid(c223e0c507e2c6549a2cb97441b62cbe) Importer(815301076,1909f56bfc062723c751e8b465ee728b)  -> (artifact id: 'f9424499d8ed03e8df785259fedae1b3') in 0.015605 seconds 
  Import took 0.019535 seconds .

========================================================================
Received Import Request.
  Time since last request: 0.000480 seconds.
  path: Packages/com.unity.collab-proxy/Editor/Collaborate/Assets/Icons/added-file-light@2x.png
  artifactKey: Guid(ec2e3aa6d0ab8ce4eac29b56d65d61d5) Importer(815301076,1909f56bfc062723c751e8b465ee728b)
Start importing Packages/com.unity.collab-proxy/Editor/Collaborate/Assets/Icons/added-file-light@2x.png using Guid(ec2e3aa6d0ab8ce4eac29b56d65d61d5) Importer(815301076,1909f56bfc062723c751e8b465ee728b)  -> (artifact id: 'a4de0a7a5e4ce4511bc09095573cae8b') in 0.053308 seconds 
  Import took 0.056400 seconds .

========================================================================
Received Import Request.
  Time since last request: 0.000298 seconds.
  path: Packages/com.unity.collab-proxy/Editor/Collaborate/Assets/Icons/back-light.png
  artifactKey: Guid(e676ab7aa99535447a763c9f88bf9260) Importer(815301076,1909f56bfc062723c751e8b465ee728b)
Start importing Packages/com.unity.collab-proxy/Editor/Collaborate/Assets/Icons/back-light.png using Guid(e676ab7aa99535447a763c9f88bf9260) Importer(815301076,1909f56bfc062723c751e8b465ee728b)  -> (artifact id: '31b0a8c754a76bc310ba5fbde663e255') in 0.018174 seconds 
  Import took 0.022098 seconds .

========================================================================
Received Import Request.
  Time since last request: 0.000279 seconds.
  path: Packages/com.unity.collab-proxy/Editor/Collaborate/Assets/Icons/added-file-light.png
  artifactKey: Guid(397fff6c3885f8343bb65714f0064b5d) Importer(815301076,1909f56bfc062723c751e8b465ee728b)
Start importing Packages/com.unity.collab-proxy/Editor/Collaborate/Assets/Icons/added-file-light.png using Guid(397fff6c3885f8343bb65714f0064b5d) Importer(815301076,1909f56bfc062723c751e8b465ee728b)  -> (artifact id: 'c673a4f73ecb39b34c0c364ab5d41a87') in 0.035255 seconds 
  Import took 0.040989 seconds .

========================================================================
Received Import Request.
  Time since last request: 68.673259 seconds.
  path: Assets/Scene/SceneLV2.unity
  artifactKey: Guid(4eaa54b9d15bc2b41bd09629978f2f40) Importer(815301076,1909f56bfc062723c751e8b465ee728b)
Start importing Assets/Scene/SceneLV2.unity using Guid(4eaa54b9d15bc2b41bd09629978f2f40) Importer(815301076,1909f56bfc062723c751e8b465ee728b)  -> (artifact id: 'c066ec01e51662e39de9890625023de5') in 0.003165 seconds 
  Import took 0.007249 seconds .

========================================================================
Received Import Request.
  Time since last request: 385.736885 seconds.
  path: Assets/Scene/SceneLV2.unity
  artifactKey: Guid(4eaa54b9d15bc2b41bd09629978f2f40) Importer(815301076,1909f56bfc062723c751e8b465ee728b)
Start importing Assets/Scene/SceneLV2.unity using Guid(4eaa54b9d15bc2b41bd09629978f2f40) Importer(815301076,1909f56bfc062723c751e8b465ee728b)  -> (artifact id: '518acc9202127d1b7da161a61a365c7b') in 0.002567 seconds 
  Import took 0.007426 seconds .

========================================================================
Received Import Request.
  Time since last request: 22.618597 seconds.
  path: Assets/Scene/SceneLV2.unity
  artifactKey: Guid(4eaa54b9d15bc2b41bd09629978f2f40) Importer(815301076,1909f56bfc062723c751e8b465ee728b)
Start importing Assets/Scene/SceneLV2.unity using Guid(4eaa54b9d15bc2b41bd09629978f2f40) Importer(815301076,1909f56bfc062723c751e8b465ee728b)  -> (artifact id: '77206988edaa6dffae7c02429045611f') in 0.004035 seconds 
  Import took 0.008167 seconds .

========================================================================
Received Import Request.
  Time since last request: 0.001654 seconds.
  path: Assets/Scene/SceneLV2.unity
  artifactKey: Guid(4eaa54b9d15bc2b41bd09629978f2f40) Importer(815301076,1909f56bfc062723c751e8b465ee728b)
Start importing Assets/Scene/SceneLV2.unity using Guid(4eaa54b9d15bc2b41bd09629978f2f40) Importer(815301076,1909f56bfc062723c751e8b465ee728b)  -> (artifact id: '77206988edaa6dffae7c02429045611f') in 0.002764 seconds 
  Import took 0.007901 seconds .

========================================================================
Received Import Request.
  Time since last request: 15.051886 seconds.
  path: Assets/Scene/SceneLV2.unity
  artifactKey: Guid(4eaa54b9d15bc2b41bd09629978f2f40) Importer(815301076,1909f56bfc062723c751e8b465ee728b)
Start importing Assets/Scene/SceneLV2.unity using Guid(4eaa54b9d15bc2b41bd09629978f2f40) Importer(815301076,1909f56bfc062723c751e8b465ee728b)  -> (artifact id: '8f7d73f13a3b9418102ec8b43372464c') in 0.002593 seconds 
  Import took 0.006523 seconds .

========================================================================
Received Import Request.
  Time since last request: 29.204982 seconds.
  path: Assets/Scene/SceneLV2.unity
  artifactKey: Guid(4eaa54b9d15bc2b41bd09629978f2f40) Importer(815301076,1909f56bfc062723c751e8b465ee728b)
Start importing Assets/Scene/SceneLV2.unity using Guid(4eaa54b9d15bc2b41bd09629978f2f40) Importer(815301076,1909f56bfc062723c751e8b465ee728b)  -> (artifact id: '1d780a06817674bf27f2b04fdc318c1b') in 0.002698 seconds 
  Import took 0.006912 seconds .

========================================================================
Received Prepare
Registering precompiled user dll's ...
Registered in 0.002816 seconds.
Begin MonoManager ReloadAssembly
Native extension for WindowsStandalone target not found
Native extension for WebGL target not found
Refreshing native plugins compatible for Editor in 1.20 ms, found 3 plugins.
Preloading 0 native plugins for Editor in 0.00 ms.
Mono: successfully reloaded assembly
- Completed reload, in  1.328 seconds
Platform modules already initialized, skipping
Refreshing native plugins compatible for Editor in 0.49 ms, found 3 plugins.
Preloading 0 native plugins for Editor in 0.00 ms.
Unloading 1536 Unused Serialized files (Serialized files now loaded: 0)
System memory in use before: 74.3 MB.
System memory in use after: 74.4 MB.

Unloading 17 unused Assets to reduce memory usage. Loaded Objects now: 2038.
Total: 3.697700 ms (FindLiveObjects: 0.730700 ms CreateObjectMapping: 0.229400 ms MarkObjects: 2.652100 ms  DeleteObjects: 0.084100 ms)

AssetImportParameters requested are different than current active one (requested -> active):
  custom:framework-win-MediaFoundation: 216162199b28c13a410421893ffa2e32 -> 
  custom:video-decoder-ogg-theora: a1e56fd34408186e4bbccfd4996cb3dc -> 
  custom:container-muxer-webm: aa71ff27fc2769a1b78a27578f13a17b -> 
  custom:container-demuxer-webm: 4f35f7cbe854078d1ac9338744f61a02 -> 
  custom:container-demuxer-ogg: 62fdf1f143b41e24485cea50d1cbac27 -> 
  custom:video-encoder-webm-vp8: eb34c28f22e8b96e1ab97ce403110664 -> 
  custom:video-decoder-webm-vp8: 9c59270c3fd7afecdb556c50c9e8de78 -> 
  custom:audio-decoder-ogg-vorbis: bf7c407c2cedff20999df2af8eb42d56 -> 
  custom:audio-encoder-webm-vorbis: bf7c407c2cedff20999df2af8eb42d56 -> 
========================================================================
Received Import Request.
  Time since last request: 111.493573 seconds.
  path: Assets/Scene/SceneLV2.unity
  artifactKey: Guid(4eaa54b9d15bc2b41bd09629978f2f40) Importer(815301076,1909f56bfc062723c751e8b465ee728b)
Start importing Assets/Scene/SceneLV2.unity using Guid(4eaa54b9d15bc2b41bd09629978f2f40) Importer(815301076,1909f56bfc062723c751e8b465ee728b)  -> (artifact id: '4877e11f4866a311d155fa71471e18c3') in 0.012107 seconds 
  Import took 0.015855 seconds .

========================================================================
Received Prepare
Registering precompiled user dll's ...
Registered in 0.005451 seconds.
Begin MonoManager ReloadAssembly
Native extension for WindowsStandalone target not found
Native extension for WebGL target not found
Refreshing native plugins compatible for Editor in 0.62 ms, found 3 plugins.
Preloading 0 native plugins for Editor in 0.00 ms.
Mono: successfully reloaded assembly
- Completed reload, in  1.330 seconds
Platform modules already initialized, skipping
Refreshing native plugins compatible for Editor in 0.42 ms, found 3 plugins.
Preloading 0 native plugins for Editor in 0.00 ms.
Unloading 1536 Unused Serialized files (Serialized files now loaded: 0)
System memory in use before: 74.4 MB.
System memory in use after: 74.5 MB.

Unloading 17 unused Assets to reduce memory usage. Loaded Objects now: 2041.
Total: 3.773900 ms (FindLiveObjects: 0.253800 ms CreateObjectMapping: 0.111000 ms MarkObjects: 3.339200 ms  DeleteObjects: 0.068400 ms)

AssetImportParameters requested are different than current active one (requested -> active):
  custom:framework-win-MediaFoundation: 216162199b28c13a410421893ffa2e32 -> 
  custom:video-decoder-ogg-theora: a1e56fd34408186e4bbccfd4996cb3dc -> 
  custom:container-muxer-webm: aa71ff27fc2769a1b78a27578f13a17b -> 
  custom:container-demuxer-webm: 4f35f7cbe854078d1ac9338744f61a02 -> 
  custom:container-demuxer-ogg: 62fdf1f143b41e24485cea50d1cbac27 -> 
  custom:video-encoder-webm-vp8: eb34c28f22e8b96e1ab97ce403110664 -> 
  custom:video-decoder-webm-vp8: 9c59270c3fd7afecdb556c50c9e8de78 -> 
  custom:audio-decoder-ogg-vorbis: bf7c407c2cedff20999df2af8eb42d56 -> 
  custom:audio-encoder-webm-vorbis: bf7c407c2cedff20999df2af8eb42d56 -> 
========================================================================
Received Import Request.
  Time since last request: 92.606278 seconds.
  path: Assets/Scene/SceneLV2.unity
  artifactKey: Guid(4eaa54b9d15bc2b41bd09629978f2f40) Importer(815301076,1909f56bfc062723c751e8b465ee728b)
Start importing Assets/Scene/SceneLV2.unity using Guid(4eaa54b9d15bc2b41bd09629978f2f40) Importer(815301076,1909f56bfc062723c751e8b465ee728b)  -> (artifact id: '74083e68c056c4dfd824382cc5051811') in 0.013455 seconds 
  Import took 0.017044 seconds .

========================================================================
Received Import Request.
  Time since last request: 63.326863 seconds.
  path: Assets/Scene/SceneLV2.unity
  artifactKey: Guid(4eaa54b9d15bc2b41bd09629978f2f40) Importer(815301076,1909f56bfc062723c751e8b465ee728b)
Start importing Assets/Scene/SceneLV2.unity using Guid(4eaa54b9d15bc2b41bd09629978f2f40) Importer(815301076,1909f56bfc062723c751e8b465ee728b)  -> (artifact id: '8896041ef22e7049aeb567d768989abc') in 0.001845 seconds 
  Import took 0.004517 seconds .

========================================================================
Received Prepare
Registering precompiled user dll's ...
Registered in 0.002505 seconds.
Begin MonoManager ReloadAssembly
Native extension for WindowsStandalone target not found
Native extension for WebGL target not found
Refreshing native plugins compatible for Editor in 0.36 ms, found 3 plugins.
Preloading 0 native plugins for Editor in 0.00 ms.
Mono: successfully reloaded assembly
- Completed reload, in  0.951 seconds
Platform modules already initialized, skipping
Refreshing native plugins compatible for Editor in 0.37 ms, found 3 plugins.
Preloading 0 native plugins for Editor in 0.00 ms.
Unloading 1536 Unused Serialized files (Serialized files now loaded: 0)
System memory in use before: 74.4 MB.
System memory in use after: 74.5 MB.

Unloading 17 unused Assets to reduce memory usage. Loaded Objects now: 2044.
Total: 2.021900 ms (FindLiveObjects: 0.152600 ms CreateObjectMapping: 0.039900 ms MarkObjects: 1.782900 ms  DeleteObjects: 0.045400 ms)

AssetImportParameters requested are different than current active one (requested -> active):
  custom:framework-win-MediaFoundation: 216162199b28c13a410421893ffa2e32 -> 
  custom:video-decoder-ogg-theora: a1e56fd34408186e4bbccfd4996cb3dc -> 
  custom:container-muxer-webm: aa71ff27fc2769a1b78a27578f13a17b -> 
  custom:container-demuxer-webm: 4f35f7cbe854078d1ac9338744f61a02 -> 
  custom:container-demuxer-ogg: 62fdf1f143b41e24485cea50d1cbac27 -> 
  custom:video-encoder-webm-vp8: eb34c28f22e8b96e1ab97ce403110664 -> 
  custom:video-decoder-webm-vp8: 9c59270c3fd7afecdb556c50c9e8de78 -> 
  custom:audio-decoder-ogg-vorbis: bf7c407c2cedff20999df2af8eb42d56 -> 
  custom:audio-encoder-webm-vorbis: bf7c407c2cedff20999df2af8eb42d56 -> 
========================================================================
Received Prepare
Registering precompiled user dll's ...
Registered in 0.002567 seconds.
Begin MonoManager ReloadAssembly
Native extension for WindowsStandalone target not found
Native extension for WebGL target not found
Refreshing native plugins compatible for Editor in 0.36 ms, found 3 plugins.
Preloading 0 native plugins for Editor in 0.00 ms.
Mono: successfully reloaded assembly
- Completed reload, in  0.980 seconds
Platform modules already initialized, skipping
Refreshing native plugins compatible for Editor in 0.45 ms, found 3 plugins.
Preloading 0 native plugins for Editor in 0.00 ms.
Unloading 1536 Unused Serialized files (Serialized files now loaded: 0)
System memory in use before: 74.4 MB.
System memory in use after: 74.5 MB.

Unloading 17 unused Assets to reduce memory usage. Loaded Objects now: 2047.
Total: 2.436200 ms (FindLiveObjects: 0.172000 ms CreateObjectMapping: 0.051200 ms MarkObjects: 2.109300 ms  DeleteObjects: 0.102600 ms)

AssetImportParameters requested are different than current active one (requested -> active):
  custom:framework-win-MediaFoundation: 216162199b28c13a410421893ffa2e32 -> 
  custom:video-decoder-ogg-theora: a1e56fd34408186e4bbccfd4996cb3dc -> 
  custom:container-muxer-webm: aa71ff27fc2769a1b78a27578f13a17b -> 
  custom:container-demuxer-webm: 4f35f7cbe854078d1ac9338744f61a02 -> 
  custom:container-demuxer-ogg: 62fdf1f143b41e24485cea50d1cbac27 -> 
  custom:video-encoder-webm-vp8: eb34c28f22e8b96e1ab97ce403110664 -> 
  custom:video-decoder-webm-vp8: 9c59270c3fd7afecdb556c50c9e8de78 -> 
  custom:audio-decoder-ogg-vorbis: bf7c407c2cedff20999df2af8eb42d56 -> 
  custom:audio-encoder-webm-vorbis: bf7c407c2cedff20999df2af8eb42d56 -> 
